[pid: 234754|app: 0|req: 1/1] 54.86.50.139 () {44 vars in 613 bytes} [Sat Mar  5 20:42:40 2022] POST /auth => generated 194 bytes in 55 msecs (HTTP/1.1 200) 3 headers in 104 bytes (1 switches on core 0)
announcing my loyalty to the Emperor...
*** Starting uWSGI 2.0.20 (64bit) on [Sat Mar  5 20:43:19 2022] ***
compiled with version: 9.3.0 on 26 January 2022 12:14:43
os: Linux-5.4.0-91-generic #102-Ubuntu SMP Fri Nov 5 16:31:28 UTC 2021
nodename: banan
machine: x86_64
clock source: unix
detected number of CPU cores: 8
current working directory: /
detected binary path: /var/www/html/items-rest/venv/bin/uwsgi
!!! no internal routing support, rebuild with pcre support !!!
uWSGI running as root, you can use --uid/--gid/--chroot options
*** WARNING: you are running uWSGI as root !!! (use the --uid flag) *** 
your processes number limit is 63889
your memory page size is 4096 bytes
 *** WARNING: you have enabled harakiri without post buffering. Slow upload could be rejected on post-unbuffered webservers *** 
detected max file descriptor number: 1024
lock engine: pthread robust mutexes
thunder lock: disabled (you can enable it with --thunder-lock)
uwsgi socket 0 bound to UNIX address /var/www/html/items-rest/socket.sock fd 3
uWSGI running as root, you can use --uid/--gid/--chroot options
*** WARNING: you are running uWSGI as root !!! (use the --uid flag) *** 
Python version: 3.8.10 (default, Sep 28 2021, 16:10:42)  [GCC 9.3.0]
PEP 405 virtualenv detected: /var/www/html/items-rest/venv
Set PythonHome to /var/www/html/items-rest/venv
Python main interpreter initialized at 0x561cbb000430
uWSGI running as root, you can use --uid/--gid/--chroot options
*** WARNING: you are running uWSGI as root !!! (use the --uid flag) *** 
python threads support enabled
your server socket listen backlog is limited to 100 connections
your mercy for graceful operations on workers is 60 seconds
mapped 1313856 bytes (1283 KB) for 64 cores
*** Operational MODE: preforking+threaded ***
added /var/www/html/items-rest/ to pythonpath.
WSGI app 0 (mountpoint='') ready in 0 seconds on interpreter 0x561cbb000430 pid: 234824 (default app)
uWSGI running as root, you can use --uid/--gid/--chroot options
*** WARNING: you are running uWSGI as root !!! (use the --uid flag) *** 
*** uWSGI is running in multiple interpreter mode ***
spawned uWSGI master process (pid: 234824)
spawned uWSGI worker 1 (pid: 234836, cores: 8)
spawned uWSGI worker 2 (pid: 234840, cores: 8)
spawned uWSGI worker 3 (pid: 234844, cores: 8)
spawned uWSGI worker 4 (pid: 234853, cores: 8)
spawned uWSGI worker 5 (pid: 234861, cores: 8)
spawned uWSGI worker 6 (pid: 234869, cores: 8)
spawned uWSGI worker 7 (pid: 234877, cores: 8)
spawned uWSGI worker 8 (pid: 234885, cores: 8)
[pid: 234885|app: 0|req: 1/1] 45.86.198.45 () {40 vars in 744 bytes} [Sun Mar  6 05:12:02 2022] GET /apidocs => generated 273 bytes in 9 msecs (HTTP/1.1 308) 4 headers in 173 bytes (2 switches on core 0)
announcing my loyalty to the Emperor...
[pid: 234885|app: 0|req: 2/2] 45.86.198.45 () {40 vars in 746 bytes} [Sun Mar  6 05:12:03 2022] GET /apidocs/ => generated 3524 bytes in 18 msecs (HTTP/1.1 200) 3 headers in 113 bytes (2 switches on core 7)
[pid: 234861|app: 0|req: 1/3] 45.86.198.45 () {40 vars in 687 bytes} [Sun Mar  6 05:12:03 2022] GET /flasgger_static/swagger-ui.css => generated 141676 bytes in 7 msecs via sendfile() (HTTP/1.1 200) 8 headers in 320 bytes (0 switches on core 0)
announcing my loyalty to the Emperor...
[pid: 234885|app: 0|req: 3/4] 45.86.198.45 () {40 vars in 684 bytes} [Sun Mar  6 05:12:03 2022] GET /flasgger_static/swagger-ui-bundle.js => generated 971256 bytes in 4 msecs via sendfile() (HTTP/1.1 200) 8 headers in 334 bytes (4 switches on core 1)
[pid: 234885|app: 0|req: 4/5] 45.86.198.45 () {40 vars in 706 bytes} [Sun Mar  6 05:12:04 2022] GET /flasgger_static/swagger-ui-standalone-preset.js => generated 291088 bytes in 2 msecs via sendfile() (HTTP/1.1 200) 8 headers in 334 bytes (1 switches on core 6)
[pid: 234885|app: 0|req: 5/6] 45.86.198.45 () {40 vars in 678 bytes} [Sun Mar  6 05:12:04 2022] GET /flasgger_static/lib/jquery.min.js => generated 85578 bytes in 1 msecs via sendfile() (HTTP/1.1 200) 8 headers in 332 bytes (0 switches on core 4)
[pid: 234885|app: 0|req: 6/7] 45.86.198.45 () {38 vars in 629 bytes} [Sun Mar  6 05:12:05 2022] GET /flasgger_static/lib/jquery.min.js => generated 85578 bytes in 1 msecs via sendfile() (HTTP/1.1 200) 8 headers in 332 bytes (1 switches on core 3)
[pid: 234885|app: 0|req: 7/8] 45.86.198.45 () {38 vars in 657 bytes} [Sun Mar  6 05:12:06 2022] GET /flasgger_static/swagger-ui-standalone-preset.js => generated 291088 bytes in 2 msecs via sendfile() (HTTP/1.1 200) 8 headers in 334 bytes (2 switches on core 2)
[pid: 234885|app: 0|req: 8/9] 45.86.198.45 () {38 vars in 635 bytes} [Sun Mar  6 05:12:08 2022] GET /flasgger_static/swagger-ui-bundle.js => generated 971256 bytes in 2 msecs via sendfile() (HTTP/1.1 200) 8 headers in 334 bytes (4 switches on core 0)
Traceback (most recent call last):
  File "/var/www/html/items-rest/venv/lib/python3.8/site-packages/flask/app.py", line 2464, in __call__
    return self.wsgi_app(environ, start_response)
  File "/var/www/html/items-rest/venv/lib/python3.8/site-packages/flask/app.py", line 2450, in wsgi_app
    response = self.handle_exception(e)
  File "/var/www/html/items-rest/venv/lib/python3.8/site-packages/flask_restful/__init__.py", line 271, in error_router
    return original_handler(e)
  File "/var/www/html/items-rest/venv/lib/python3.8/site-packages/flask_cors/extension.py", line 165, in wrapped_function
    return cors_after_request(app.make_response(f(*args, **kwargs)))
  File "/var/www/html/items-rest/venv/lib/python3.8/site-packages/flask/app.py", line 1867, in handle_exception
    reraise(exc_type, exc_value, tb)
  File "/var/www/html/items-rest/venv/lib/python3.8/site-packages/flask/_compat.py", line 39, in reraise
    raise value
  File "/var/www/html/items-rest/venv/lib/python3.8/site-packages/flask/app.py", line 2447, in wsgi_app
    response = self.full_dispatch_request()
  File "/var/www/html/items-rest/venv/lib/python3.8/site-packages/flask/app.py", line 1952, in full_dispatch_request
    rv = self.handle_user_exception(e)
  File "/var/www/html/items-rest/venv/lib/python3.8/site-packages/flask_restful/__init__.py", line 271, in error_router
    return original_handler(e)
  File "/var/www/html/items-rest/venv/lib/python3.8/site-packages/flask_cors/extension.py", line 165, in wrapped_function
    return cors_after_request(app.make_response(f(*args, **kwargs)))
  File "/var/www/html/items-rest/venv/lib/python3.8/site-packages/flask/app.py", line 1821, in handle_user_exception
    reraise(exc_type, exc_value, tb)
  File "/var/www/html/items-rest/venv/lib/python3.8/site-packages/flask/_compat.py", line 39, in reraise
    raise value
  File "/var/www/html/items-rest/venv/lib/python3.8/site-packages/flask/app.py", line 1950, in full_dispatch_request
    rv = self.dispatch_request()
  File "/var/www/html/items-rest/venv/lib/python3.8/site-packages/flask/app.py", line 1936, in dispatch_request
    return self.view_functions[rule.endpoint](**req.view_args)
  File "/var/www/html/items-rest/venv/lib/python3.8/site-packages/flask/views.py", line 89, in view
    return self.dispatch_request(*args, **kwargs)
  File "/var/www/html/items-rest/venv/lib/python3.8/site-packages/flask/views.py", line 163, in dispatch_request
    return meth(*args, **kwargs)
  File "/var/www/html/items-rest/venv/lib/python3.8/site-packages/flasgger/base.py", line 133, in get
    return jsonify(self.loader())
  File "/var/www/html/items-rest/venv/lib/python3.8/site-packages/flasgger/base.py", line 461, in get_apispecs
    defs = defs + extract_definitions(
  File "/var/www/html/items-rest/venv/lib/python3.8/site-packages/flasgger/utils.py", line 747, in extract_definitions
    if not getattr(item, 'get'):
AttributeError: 'NoneType' object has no attribute 'get'
[pid: 234869|app: 0|req: 1/10] 45.86.198.45 () {40 vars in 645 bytes} [Sun Mar  6 05:12:08 2022] GET /bot.json => generated 0 bytes in 36 msecs (HTTP/1.1 500) 0 headers in 0 bytes (0 switches on core 0)
announcing my loyalty to the Emperor...
[pid: 234885|app: 0|req: 9/11] 45.86.198.45 () {40 vars in 739 bytes} [Sun Mar  6 05:12:09 2022] GET /flasgger_static/favicon-32x32.png => generated 1643 bytes in 1 msecs via sendfile() (HTTP/1.1 200) 8 headers in 302 bytes (0 switches on core 5)
[pid: 234885|app: 0|req: 10/12] 45.86.198.45 () {40 vars in 645 bytes} [Sun Mar  6 05:12:09 2022] GET /50x.html => generated 232 bytes in 1 msecs (HTTP/1.1 404) 3 headers in 119 bytes (1 switches on core 1)
[pid: 234885|app: 0|req: 11/13] 165.231.67.166 () {42 vars in 779 bytes} [Sun Mar  6 05:51:39 2022] GET /apidocs/ => generated 3524 bytes in 1 msecs (HTTP/1.1 200) 3 headers in 113 bytes (2 switches on core 6)
Traceback (most recent call last):
  File "/var/www/html/items-rest/venv/lib/python3.8/site-packages/flask/app.py", line 2464, in __call__
    return self.wsgi_app(environ, start_response)
  File "/var/www/html/items-rest/venv/lib/python3.8/site-packages/flask/app.py", line 2450, in wsgi_app
    response = self.handle_exception(e)
  File "/var/www/html/items-rest/venv/lib/python3.8/site-packages/flask_restful/__init__.py", line 271, in error_router
    return original_handler(e)
  File "/var/www/html/items-rest/venv/lib/python3.8/site-packages/flask_cors/extension.py", line 165, in wrapped_function
    return cors_after_request(app.make_response(f(*args, **kwargs)))
  File "/var/www/html/items-rest/venv/lib/python3.8/site-packages/flask/app.py", line 1867, in handle_exception
    reraise(exc_type, exc_value, tb)
  File "/var/www/html/items-rest/venv/lib/python3.8/site-packages/flask/_compat.py", line 39, in reraise
    raise value
  File "/var/www/html/items-rest/venv/lib/python3.8/site-packages/flask/app.py", line 2447, in wsgi_app
    response = self.full_dispatch_request()
  File "/var/www/html/items-rest/venv/lib/python3.8/site-packages/flask/app.py", line 1952, in full_dispatch_request
    rv = self.handle_user_exception(e)
  File "/var/www/html/items-rest/venv/lib/python3.8/site-packages/flask_restful/__init__.py", line 271, in error_router
    return original_handler(e)
  File "/var/www/html/items-rest/venv/lib/python3.8/site-packages/flask_cors/extension.py", line 165, in wrapped_function
    return cors_after_request(app.make_response(f(*args, **kwargs)))
  File "/var/www/html/items-rest/venv/lib/python3.8/site-packages/flask/app.py", line 1821, in handle_user_exception
    reraise(exc_type, exc_value, tb)
  File "/var/www/html/items-rest/venv/lib/python3.8/site-packages/flask/_compat.py", line 39, in reraise
    raise value
  File "/var/www/html/items-rest/venv/lib/python3.8/site-packages/flask/app.py", line 1950, in full_dispatch_request
    rv = self.dispatch_request()
  File "/var/www/html/items-rest/venv/lib/python3.8/site-packages/flask/app.py", line 1936, in dispatch_request
    return self.view_functions[rule.endpoint](**req.view_args)
  File "/var/www/html/items-rest/venv/lib/python3.8/site-packages/flask/views.py", line 89, in view
    return self.dispatch_request(*args, **kwargs)
  File "/var/www/html/items-rest/venv/lib/python3.8/site-packages/flask/views.py", line 163, in dispatch_request
    return meth(*args, **kwargs)
  File "/var/www/html/items-rest/venv/lib/python3.8/site-packages/flasgger/base.py", line 133, in get
    return jsonify(self.loader())
  File "/var/www/html/items-rest/venv/lib/python3.8/site-packages/flasgger/base.py", line 461, in get_apispecs
    defs = defs + extract_definitions(
  File "/var/www/html/items-rest/venv/lib/python3.8/site-packages/flasgger/utils.py", line 747, in extract_definitions
    if not getattr(item, 'get'):
AttributeError: 'NoneType' object has no attribute 'get'
[pid: 234885|app: 0|req: 12/14] 165.231.67.166 () {40 vars in 647 bytes} [Sun Mar  6 05:51:40 2022] GET /bot.json => generated 0 bytes in 31 msecs (HTTP/1.1 500) 0 headers in 0 bytes (1 switches on core 4)
[pid: 234885|app: 0|req: 13/15] 165.231.67.166 () {40 vars in 647 bytes} [Sun Mar  6 05:51:40 2022] GET /50x.html => generated 232 bytes in 1 msecs (HTTP/1.1 404) 3 headers in 119 bytes (2 switches on core 3)
[pid: 234885|app: 0|req: 14/16] 165.231.67.166 () {48 vars in 777 bytes} [Sun Mar  6 05:53:41 2022] OPTIONS /auth/me => generated 0 bytes in 1 msecs (HTTP/1.1 200) 7 headers in 287 bytes (1 switches on core 2)
[pid: 234885|app: 0|req: 15/17] 165.231.67.166 () {44 vars in 878 bytes} [Sun Mar  6 05:53:42 2022] GET /auth/me => generated 70 bytes in 1 msecs (HTTP/1.1 405) 5 headers in 175 bytes (2 switches on core 0)
[pid: 234885|app: 0|req: 16/18] 165.231.67.166 () {52 vars in 830 bytes} [Sun Mar  6 05:53:51 2022] OPTIONS /auth/me => generated 0 bytes in 1 msecs (HTTP/1.1 200) 7 headers in 287 bytes (0 switches on core 7)
[pid: 234885|app: 0|req: 17/19] 165.231.67.166 () {48 vars in 931 bytes} [Sun Mar  6 05:53:51 2022] GET /auth/me => generated 70 bytes in 1 msecs (HTTP/1.1 405) 5 headers in 175 bytes (2 switches on core 5)
[pid: 234885|app: 0|req: 18/20] 165.231.67.166 () {52 vars in 838 bytes} [Sun Mar  6 05:53:57 2022] OPTIONS /auth => generated 0 bytes in 1 msecs (HTTP/1.1 200) 7 headers in 301 bytes (1 switches on core 1)
[pid: 234885|app: 0|req: 19/21] 165.231.67.166 () {52 vars in 1006 bytes} [Sun Mar  6 05:53:57 2022] POST /auth => generated 194 bytes in 48 msecs (HTTP/1.1 200) 4 headers in 138 bytes (1 switches on core 6)
[pid: 234885|app: 0|req: 20/22] 165.231.67.166 () {52 vars in 830 bytes} [Sun Mar  6 05:54:11 2022] OPTIONS /auth/me => generated 0 bytes in 1 msecs (HTTP/1.1 200) 7 headers in 287 bytes (1 switches on core 4)
[pid: 234885|app: 0|req: 21/23] 165.231.67.166 () {48 vars in 931 bytes} [Sun Mar  6 05:54:11 2022] GET /auth/me => generated 70 bytes in 1 msecs (HTTP/1.1 405) 5 headers in 175 bytes (2 switches on core 3)
[pid: 234885|app: 0|req: 22/24] 165.231.67.166 () {52 vars in 830 bytes} [Sun Mar  6 05:54:28 2022] OPTIONS /auth/me => generated 0 bytes in 1 msecs (HTTP/1.1 200) 7 headers in 287 bytes (1 switches on core 2)
[pid: 234885|app: 0|req: 23/25] 165.231.67.166 () {48 vars in 931 bytes} [Sun Mar  6 05:54:28 2022] GET /auth/me => generated 70 bytes in 1 msecs (HTTP/1.1 405) 5 headers in 175 bytes (2 switches on core 2)
[pid: 234877|app: 0|req: 1/26] 165.231.67.166 () {52 vars in 824 bytes} [Sun Mar  6 05:54:29 2022] OPTIONS /bots => generated 0 bytes in 5 msecs (HTTP/1.1 200) 7 headers in 292 bytes (0 switches on core 0)
announcing my loyalty to the Emperor...
[pid: 234877|app: 0|req: 2/27] 165.231.67.166 () {48 vars in 925 bytes} [Sun Mar  6 05:54:29 2022] GET /bots => generated 1496 bytes in 54 msecs (HTTP/1.1 200) 4 headers in 139 bytes (2 switches on core 5)
[pid: 234877|app: 0|req: 3/28] 165.231.67.166 () {52 vars in 830 bytes} [Sun Mar  6 05:55:08 2022] OPTIONS /auth/me => generated 0 bytes in 1 msecs (HTTP/1.1 200) 7 headers in 287 bytes (1 switches on core 3)
[pid: 234877|app: 0|req: 4/29] 165.231.67.166 () {48 vars in 931 bytes} [Sun Mar  6 05:55:09 2022] GET /auth/me => generated 70 bytes in 1 msecs (HTTP/1.1 405) 5 headers in 175 bytes (2 switches on core 7)
[pid: 234885|app: 0|req: 24/30] 165.231.67.166 () {46 vars in 829 bytes} [Sun Mar  6 06:02:07 2022] GET /closetrades/b1 => generated 7060 bytes in 32 msecs (HTTP/1.1 200) 3 headers in 105 bytes (1 switches on core 7)
[pid: 234885|app: 0|req: 25/31] 165.231.67.166 () {52 vars in 830 bytes} [Sun Mar  6 06:03:38 2022] OPTIONS /auth/me => generated 0 bytes in 1 msecs (HTTP/1.1 200) 7 headers in 287 bytes (1 switches on core 4)
[pid: 234885|app: 0|req: 26/32] 165.231.67.166 () {48 vars in 931 bytes} [Sun Mar  6 06:03:38 2022] GET /auth/me => generated 70 bytes in 1 msecs (HTTP/1.1 405) 5 headers in 175 bytes (1 switches on core 4)
[pid: 234885|app: 0|req: 27/33] 94.139.167.132 () {42 vars in 584 bytes} [Sun Mar  6 10:28:45 2022] POST /auth => generated 194 bytes in 7 msecs (HTTP/1.1 200) 3 headers in 104 bytes (2 switches on core 4)
[pid: 234885|app: 0|req: 28/34] 94.139.167.132 () {42 vars in 590 bytes} [Sun Mar  6 10:29:03 2022] POST /auth/me => generated 27 bytes in 4 msecs (HTTP/1.1 200) 3 headers in 103 bytes (1 switches on core 2)
[pid: 234885|app: 0|req: 29/35] 196.240.57.54 () {42 vars in 734 bytes} [Sun Mar  6 10:35:59 2022] GET /auth/me => generated 70 bytes in 1 msecs (HTTP/1.1 405) 4 headers in 141 bytes (1 switches on core 5)
[pid: 234885|app: 0|req: 30/36] 196.240.57.54 () {44 vars in 760 bytes} [Sun Mar  6 10:37:46 2022] POST /auth/me => generated 77 bytes in 1 msecs (HTTP/1.1 400) 3 headers in 112 bytes (1 switches on core 1)
SIGINT/SIGTERM received...killing workers...
Sun Mar  6 10:37:58 2022 - received message 0 from emperor
worker 1 buried after 1 seconds
worker 2 buried after 1 seconds
worker 3 buried after 1 seconds
worker 4 buried after 1 seconds
worker 5 buried after 1 seconds
worker 6 buried after 1 seconds
worker 7 buried after 1 seconds
worker 8 buried after 1 seconds
goodbye to uWSGI.
*** Starting uWSGI 2.0.20 (64bit) on [Sun Mar  6 10:38:01 2022] ***
compiled with version: 9.3.0 on 26 January 2022 12:14:43
os: Linux-5.4.0-91-generic #102-Ubuntu SMP Fri Nov 5 16:31:28 UTC 2021
nodename: banan
machine: x86_64
clock source: unix
detected number of CPU cores: 8
current working directory: /
detected binary path: /var/www/html/items-rest/venv/bin/uwsgi
!!! no internal routing support, rebuild with pcre support !!!
uWSGI running as root, you can use --uid/--gid/--chroot options
*** WARNING: you are running uWSGI as root !!! (use the --uid flag) *** 
your processes number limit is 63889
your memory page size is 4096 bytes
 *** WARNING: you have enabled harakiri without post buffering. Slow upload could be rejected on post-unbuffered webservers *** 
detected max file descriptor number: 1024
lock engine: pthread robust mutexes
thunder lock: disabled (you can enable it with --thunder-lock)
uwsgi socket 0 bound to UNIX address /var/www/html/items-rest/socket.sock fd 3
uWSGI running as root, you can use --uid/--gid/--chroot options
*** WARNING: you are running uWSGI as root !!! (use the --uid flag) *** 
Python version: 3.8.10 (default, Sep 28 2021, 16:10:42)  [GCC 9.3.0]
PEP 405 virtualenv detected: /var/www/html/items-rest/venv
Set PythonHome to /var/www/html/items-rest/venv
Python main interpreter initialized at 0x5584ccb17430
uWSGI running as root, you can use --uid/--gid/--chroot options
*** WARNING: you are running uWSGI as root !!! (use the --uid flag) *** 
python threads support enabled
your server socket listen backlog is limited to 100 connections
your mercy for graceful operations on workers is 60 seconds
mapped 1313856 bytes (1283 KB) for 64 cores
*** Operational MODE: preforking+threaded ***
added /var/www/html/items-rest/ to pythonpath.
WSGI app 0 (mountpoint='') ready in 1 seconds on interpreter 0x5584ccb17430 pid: 256740 (default app)
uWSGI running as root, you can use --uid/--gid/--chroot options
*** WARNING: you are running uWSGI as root !!! (use the --uid flag) *** 
*** uWSGI is running in multiple interpreter mode ***
spawned uWSGI master process (pid: 256740)
spawned uWSGI worker 1 (pid: 256743, cores: 8)
spawned uWSGI worker 2 (pid: 256751, cores: 8)
spawned uWSGI worker 3 (pid: 256752, cores: 8)
spawned uWSGI worker 4 (pid: 256766, cores: 8)
spawned uWSGI worker 5 (pid: 256768, cores: 8)
spawned uWSGI worker 6 (pid: 256769, cores: 8)
spawned uWSGI worker 7 (pid: 256784, cores: 8)
spawned uWSGI worker 8 (pid: 256792, cores: 8)
[pid: 256784|app: 0|req: 1/1] 94.139.167.132 () {42 vars in 589 bytes} [Sun Mar  6 10:38:14 2022] GET /auth/me => generated 27 bytes in 60 msecs (HTTP/1.1 200) 3 headers in 103 bytes (1 switches on core 0)
announcing my loyalty to the Emperor...
[pid: 256784|app: 0|req: 2/2] 196.240.57.54 () {42 vars in 734 bytes} [Sun Mar  6 10:38:53 2022] GET /auth/me => generated 77 bytes in 1 msecs (HTTP/1.1 400) 3 headers in 112 bytes (2 switches on core 3)
*** Starting uWSGI 2.0.20 (64bit) on [Sun Mar  6 10:39:28 2022] ***
compiled with version: 9.3.0 on 26 January 2022 12:14:43
os: Linux-5.4.0-91-generic #102-Ubuntu SMP Fri Nov 5 16:31:28 UTC 2021
nodename: banan
machine: x86_64
clock source: unix
detected number of CPU cores: 8
current working directory: /
detected binary path: /var/www/html/items-rest/venv/bin/uwsgi
!!! no internal routing support, rebuild with pcre support !!!
uWSGI running as root, you can use --uid/--gid/--chroot options
*** WARNING: you are running uWSGI as root !!! (use the --uid flag) *** 
your processes number limit is 63889
your memory page size is 4096 bytes
 *** WARNING: you have enabled harakiri without post buffering. Slow upload could be rejected on post-unbuffered webservers *** 
detected max file descriptor number: 1024
lock engine: pthread robust mutexes
thunder lock: disabled (you can enable it with --thunder-lock)
uwsgi socket 0 bound to UNIX address /var/www/html/items-rest/socket.sock fd 3
uWSGI running as root, you can use --uid/--gid/--chroot options
*** WARNING: you are running uWSGI as root !!! (use the --uid flag) *** 
Python version: 3.8.10 (default, Sep 28 2021, 16:10:42)  [GCC 9.3.0]
PEP 405 virtualenv detected: /var/www/html/items-rest/venv
Set PythonHome to /var/www/html/items-rest/venv
Python main interpreter initialized at 0x558e6e10f430
uWSGI running as root, you can use --uid/--gid/--chroot options
*** WARNING: you are running uWSGI as root !!! (use the --uid flag) *** 
python threads support enabled
your server socket listen backlog is limited to 100 connections
your mercy for graceful operations on workers is 60 seconds
mapped 1313856 bytes (1283 KB) for 64 cores
*** Operational MODE: preforking+threaded ***
added /var/www/html/items-rest/ to pythonpath.
WSGI app 0 (mountpoint='') ready in 1 seconds on interpreter 0x558e6e10f430 pid: 256931 (default app)
uWSGI running as root, you can use --uid/--gid/--chroot options
*** WARNING: you are running uWSGI as root !!! (use the --uid flag) *** 
*** uWSGI is running in multiple interpreter mode ***
spawned uWSGI master process (pid: 256931)
spawned uWSGI worker 1 (pid: 256947, cores: 8)
spawned uWSGI worker 2 (pid: 256954, cores: 8)
spawned uWSGI worker 3 (pid: 256956, cores: 8)
spawned uWSGI worker 4 (pid: 256960, cores: 8)
spawned uWSGI worker 5 (pid: 256972, cores: 8)
spawned uWSGI worker 6 (pid: 256980, cores: 8)
spawned uWSGI worker 7 (pid: 256981, cores: 8)
spawned uWSGI worker 8 (pid: 256989, cores: 8)
SIGINT/SIGTERM received...killing workers...
Sun Mar  6 10:41:45 2022 - received message 0 from emperor
worker 1 buried after 1 seconds
worker 2 buried after 1 seconds
worker 3 buried after 1 seconds
worker 4 buried after 1 seconds
worker 5 buried after 1 seconds
worker 6 buried after 1 seconds
worker 7 buried after 1 seconds
worker 8 buried after 1 seconds
goodbye to uWSGI.
*** Starting uWSGI 2.0.20 (64bit) on [Sun Mar  6 10:41:48 2022] ***
compiled with version: 9.3.0 on 26 January 2022 12:14:43
os: Linux-5.4.0-91-generic #102-Ubuntu SMP Fri Nov 5 16:31:28 UTC 2021
nodename: banan
machine: x86_64
clock source: unix
detected number of CPU cores: 8
current working directory: /
detected binary path: /var/www/html/items-rest/venv/bin/uwsgi
!!! no internal routing support, rebuild with pcre support !!!
uWSGI running as root, you can use --uid/--gid/--chroot options
*** WARNING: you are running uWSGI as root !!! (use the --uid flag) *** 
your processes number limit is 63889
your memory page size is 4096 bytes
 *** WARNING: you have enabled harakiri without post buffering. Slow upload could be rejected on post-unbuffered webservers *** 
detected max file descriptor number: 1024
lock engine: pthread robust mutexes
thunder lock: disabled (you can enable it with --thunder-lock)
uwsgi socket 0 bound to UNIX address /var/www/html/items-rest/socket.sock fd 3
uWSGI running as root, you can use --uid/--gid/--chroot options
*** WARNING: you are running uWSGI as root !!! (use the --uid flag) *** 
Python version: 3.8.10 (default, Sep 28 2021, 16:10:42)  [GCC 9.3.0]
PEP 405 virtualenv detected: /var/www/html/items-rest/venv
Set PythonHome to /var/www/html/items-rest/venv
Python main interpreter initialized at 0x5618263f5430
uWSGI running as root, you can use --uid/--gid/--chroot options
*** WARNING: you are running uWSGI as root !!! (use the --uid flag) *** 
python threads support enabled
your server socket listen backlog is limited to 100 connections
your mercy for graceful operations on workers is 60 seconds
mapped 1313856 bytes (1283 KB) for 64 cores
*** Operational MODE: preforking+threaded ***
added /var/www/html/items-rest/ to pythonpath.
WSGI app 0 (mountpoint='') ready in 1 seconds on interpreter 0x5618263f5430 pid: 257198 (default app)
uWSGI running as root, you can use --uid/--gid/--chroot options
*** WARNING: you are running uWSGI as root !!! (use the --uid flag) *** 
*** uWSGI is running in multiple interpreter mode ***
spawned uWSGI master process (pid: 257198)
spawned uWSGI worker 1 (pid: 257202, cores: 8)
spawned uWSGI worker 2 (pid: 257208, cores: 8)
spawned uWSGI worker 3 (pid: 257212, cores: 8)
spawned uWSGI worker 4 (pid: 257220, cores: 8)
spawned uWSGI worker 5 (pid: 257227, cores: 8)
spawned uWSGI worker 6 (pid: 257235, cores: 8)
spawned uWSGI worker 7 (pid: 257243, cores: 8)
spawned uWSGI worker 8 (pid: 257244, cores: 8)
[pid: 257235|app: 0|req: 1/1] 94.139.167.132 () {42 vars in 587 bytes} [Sun Mar  6 10:42:16 2022] GET /auth/me => generated 27 bytes in 5 msecs (HTTP/1.1 200) 3 headers in 103 bytes (2 switches on core 0)
announcing my loyalty to the Emperor...
[pid: 257235|app: 0|req: 2/2] 196.240.57.54 () {42 vars in 734 bytes} [Sun Mar  6 10:42:35 2022] GET /auth/me => generated 27 bytes in 1 msecs (HTTP/1.1 200) 3 headers in 103 bytes (2 switches on core 1)
[pid: 257244|app: 0|req: 1/3] 196.240.57.54 () {52 vars in 829 bytes} [Sun Mar  6 10:42:54 2022] OPTIONS /auth/me => generated 0 bytes in 5 msecs (HTTP/1.1 200) 7 headers in 292 bytes (1 switches on core 0)
announcing my loyalty to the Emperor...
[pid: 257235|app: 0|req: 3/4] 196.240.57.54 () {48 vars in 930 bytes} [Sun Mar  6 10:42:54 2022] GET /auth/me => generated 27 bytes in 1 msecs (HTTP/1.1 200) 4 headers in 137 bytes (2 switches on core 7)
*** Starting uWSGI 2.0.20 (64bit) on [Sun Mar  6 10:43:15 2022] ***
compiled with version: 9.3.0 on 26 January 2022 12:14:43
os: Linux-5.4.0-91-generic #102-Ubuntu SMP Fri Nov 5 16:31:28 UTC 2021
nodename: banan
machine: x86_64
clock source: unix
detected number of CPU cores: 8
current working directory: /
detected binary path: /var/www/html/items-rest/venv/bin/uwsgi
!!! no internal routing support, rebuild with pcre support !!!
uWSGI running as root, you can use --uid/--gid/--chroot options
*** WARNING: you are running uWSGI as root !!! (use the --uid flag) *** 
your processes number limit is 63889
your memory page size is 4096 bytes
 *** WARNING: you have enabled harakiri without post buffering. Slow upload could be rejected on post-unbuffered webservers *** 
detected max file descriptor number: 1024
lock engine: pthread robust mutexes
thunder lock: disabled (you can enable it with --thunder-lock)
uwsgi socket 0 bound to UNIX address /var/www/html/items-rest/socket.sock fd 3
uWSGI running as root, you can use --uid/--gid/--chroot options
*** WARNING: you are running uWSGI as root !!! (use the --uid flag) *** 
Python version: 3.8.10 (default, Sep 28 2021, 16:10:42)  [GCC 9.3.0]
PEP 405 virtualenv detected: /var/www/html/items-rest/venv
Set PythonHome to /var/www/html/items-rest/venv
Python main interpreter initialized at 0x56181a004430
uWSGI running as root, you can use --uid/--gid/--chroot options
*** WARNING: you are running uWSGI as root !!! (use the --uid flag) *** 
python threads support enabled
your server socket listen backlog is limited to 100 connections
your mercy for graceful operations on workers is 60 seconds
mapped 1313856 bytes (1283 KB) for 64 cores
*** Operational MODE: preforking+threaded ***
added /var/www/html/items-rest/ to pythonpath.
WSGI app 0 (mountpoint='') ready in 1 seconds on interpreter 0x56181a004430 pid: 257370 (default app)
uWSGI running as root, you can use --uid/--gid/--chroot options
*** WARNING: you are running uWSGI as root !!! (use the --uid flag) *** 
*** uWSGI is running in multiple interpreter mode ***
spawned uWSGI master process (pid: 257370)
spawned uWSGI worker 1 (pid: 257387, cores: 8)
spawned uWSGI worker 2 (pid: 257392, cores: 8)
spawned uWSGI worker 3 (pid: 257396, cores: 8)
spawned uWSGI worker 4 (pid: 257407, cores: 8)
spawned uWSGI worker 5 (pid: 257412, cores: 8)
spawned uWSGI worker 6 (pid: 257413, cores: 8)
spawned uWSGI worker 7 (pid: 257414, cores: 8)
spawned uWSGI worker 8 (pid: 257436, cores: 8)
